<?xml version="1.0" encoding="UTF-8"?>
<testng-results ignored="0" total="3" passed="3" failed="0" skipped="0">
  <reporter-output>
  </reporter-output>
  <suite started-at="2023-09-20T14:37:08 CEST" name="Suite" finished-at="2023-09-20T14:37:37 CEST" duration-ms="28856">
    <groups>
    </groups>
    <test started-at="2023-09-20T14:37:08 CEST" name="Test" finished-at="2023-09-20T14:37:37 CEST" duration-ms="28856">
      <class name="testcases.TC_002">
        <test-method signature="testcase1()[pri:0, instance:testcases.TC_002@7c6908d7]" started-at="2023-09-20T14:37:08 CEST" name="testcase1" finished-at="2023-09-20T14:37:17 CEST" duration-ms="8419" status="PASS">
          <reporter-output>
          </reporter-output>
        </test-method> <!-- testcase1 -->
      </class> <!-- testcases.TC_002 -->
      <class name="testcases.TC_001">
        <test-method signature="testcase1()[pri:0, instance:testcases.TC_001@279fedbd]" started-at="2023-09-20T14:37:17 CEST" name="testcase1" finished-at="2023-09-20T14:37:23 CEST" duration-ms="6669" status="PASS">
          <reporter-output>
          </reporter-output>
        </test-method> <!-- testcase1 -->
      </class> <!-- testcases.TC_001 -->
      <class name="testcases.TC_003">
        <test-method signature="testcase1()[pri:0, instance:testcases.TC_003@b3ca52e]" started-at="2023-09-20T14:37:23 CEST" name="testcase1" finished-at="2023-09-20T14:37:37 CEST" duration-ms="13651" status="PASS">
          <reporter-output>
          </reporter-output>
        </test-method> <!-- testcase1 -->
      </class> <!-- testcases.TC_003 -->
    </test> <!-- Test -->
  </suite> <!-- Suite -->
</testng-results>
