<?xml version="1.0" encoding="UTF-8"?>
<testng-results ignored="0" total="1" passed="1" failed="0" skipped="0">
  <reporter-output>
  </reporter-output>
  <suite started-at="2023-09-20T13:38:02 CEST" name="Default suite" finished-at="2023-09-20T13:38:12 CEST" duration-ms="9613">
    <groups>
    </groups>
    <test started-at="2023-09-20T13:38:02 CEST" name="Default test" finished-at="2023-09-20T13:38:12 CEST" duration-ms="9613">
      <class name="testcases.TC_001">
        <test-method signature="testcase1()[pri:0, instance:testcases.TC_001@2b91004a]" started-at="2023-09-20T13:38:02 CEST" name="testcase1" finished-at="2023-09-20T13:38:12 CEST" duration-ms="9489" status="PASS">
          <reporter-output>
          </reporter-output>
        </test-method> <!-- testcase1 -->
      </class> <!-- testcases.TC_001 -->
    </test> <!-- Default test -->
  </suite> <!-- Default suite -->
</testng-results>
